Using pre-set license
Built from '2021.2/staging' branch; Version is '2021.2.5f1 (4ec9a5e799f5) revision 5163429'; Using compiler version '192829333'; Build Type 'Release'
OS: 'Windows 10  (10.0.19042) 64bit CoreSingleLanguage' Language: 'ru' Physical Memory: 3531 MB
BatchMode: 1, IsHumanControllingUs: 0, StartBugReporterOnCrash: 0, Is64bit: 1, IsPro: 0

COMMAND LINE ARGUMENTS:
C:\Program Files\Unity\Hub\Editor\2021.2.5f1\Editor\Unity.exe
-adb2
-batchMode
-noUpm
-name
AssetImportWorker8
-projectPath
E:/My Stuff/My Games/Working Title
-logFile
Logs/AssetImportWorker8.log
-srvPort
53539
Successfully changed project path to: E:/My Stuff/My Games/Working Title
E:/My Stuff/My Games/Working Title
[UnityMemory] Configuration Parameters - Can be set up in boot.config
    "memorysetup-bucket-allocator-granularity=16"
    "memorysetup-bucket-allocator-bucket-count=8"
    "memorysetup-bucket-allocator-block-size=33554432"
    "memorysetup-bucket-allocator-block-count=8"
    "memorysetup-main-allocator-block-size=16777216"
    "memorysetup-thread-allocator-block-size=16777216"
    "memorysetup-gfx-main-allocator-block-size=16777216"
    "memorysetup-gfx-thread-allocator-block-size=16777216"
    "memorysetup-cache-allocator-block-size=4194304"
    "memorysetup-typetree-allocator-block-size=2097152"
    "memorysetup-profiler-bucket-allocator-granularity=16"
    "memorysetup-profiler-bucket-allocator-bucket-count=8"
    "memorysetup-profiler-bucket-allocator-block-size=33554432"
    "memorysetup-profiler-bucket-allocator-block-count=8"
    "memorysetup-profiler-allocator-block-size=16777216"
    "memorysetup-profiler-editor-allocator-block-size=1048576"
    "memorysetup-temp-allocator-size-main=16777216"
    "memorysetup-job-temp-allocator-block-size=2097152"
    "memorysetup-job-temp-allocator-block-size-background=1048576"
    "memorysetup-job-temp-allocator-reduction-small-platforms=262144"
    "memorysetup-temp-allocator-size-background-worker=32768"
    "memorysetup-temp-allocator-size-job-worker=262144"
    "memorysetup-temp-allocator-size-preload-manager=33554432"
    "memorysetup-temp-allocator-size-nav-mesh-worker=65536"
    "memorysetup-temp-allocator-size-audio-worker=65536"
    "memorysetup-temp-allocator-size-cloud-worker=32768"
    "memorysetup-temp-allocator-size-gi-baking-worker=262144"
    "memorysetup-temp-allocator-size-gfx=262144"
Refreshing native plugins compatible for Editor in 230.85 ms, found 8 plugins.
Preloading 0 native plugins for Editor in 0.00 ms.
Initialize engine version: 2021.2.5f1 (4ec9a5e799f5)
[Subsystems] Discovering subsystems at path C:/Program Files/Unity/Hub/Editor/2021.2.5f1/Editor/Data/Resources/UnitySubsystems
[Subsystems] Discovering subsystems at path E:/My Stuff/My Games/Working Title/Assets
GfxDevice: creating device client; threaded=0; jobified=0
Direct3D:
    Version:  Direct3D 11.0 [level 11.1]
    Renderer: NVIDIA GeForce MX230 (ID=0x1d11)
    Vendor:   NVIDIA
    VRAM:     1984 MB
    Driver:   30.0.15.1123
Initialize mono
Mono path[0] = 'C:/Program Files/Unity/Hub/Editor/2021.2.5f1/Editor/Data/Managed'
Mono path[1] = 'C:/Program Files/Unity/Hub/Editor/2021.2.5f1/Editor/Data/MonoBleedingEdge/lib/mono/unityjit-win32'
Mono config path = 'C:/Program Files/Unity/Hub/Editor/2021.2.5f1/Editor/Data/MonoBleedingEdge/etc'
Using monoOptions --debugger-agent=transport=dt_socket,embedding=1,server=y,suspend=n,address=127.0.0.1:56344
Begin MonoManager ReloadAssembly
Registering precompiled unity dll's ...
Register platform support module: C:/Program Files/Unity/Hub/Editor/2021.2.5f1/Editor/Data/PlaybackEngines/WindowsStandaloneSupport/UnityEditor.WindowsStandalone.Extensions.dll
Registered in 0.522203 seconds.
Native extension for WindowsStandalone target not found
Refreshing native plugins compatible for Editor in 153.20 ms, found 8 plugins.
Preloading 0 native plugins for Editor in 0.00 ms.
Mono: successfully reloaded assembly
- Completed reload, in  1.884 seconds
Domain Reload Profiling:
	ReloadAssembly (1885ms)
		BeginReloadAssembly (196ms)
			ExecutionOrderSort (0ms)
			DisableScriptedObjects (0ms)
			BackupInstance (0ms)
			ReleaseScriptingObjects (0ms)
			CreateAndSetChildDomain (1ms)
		EndReloadAssembly (825ms)
			LoadAssemblies (194ms)
			RebuildTransferFunctionScriptingTraits (1ms)
			SetupTypeCache (163ms)
			ReleaseScriptCaches (0ms)
			RebuildScriptCaches (49ms)
			SetupLoadedEditorAssemblies (522ms)
				LogAssemblyErrors (0ms)
				InitializePlatformSupportModulesInManaged (21ms)
				SetLoadedEditorAssemblies (0ms)
				RefreshPlugins (153ms)
				BeforeProcessingInitializeOnLoad (2ms)
				ProcessInitializeOnLoadAttributes (256ms)
				ProcessInitializeOnLoadMethodAttributes (89ms)
				AfterProcessingInitializeOnLoad (0ms)
				EditorAssembliesLoaded (1ms)
			ExecutionOrderSort2 (0ms)
			AwakeInstancesAfterBackupRestoration (0ms)
Platform modules already initialized, skipping
Registering precompiled user dll's ...
Registered in 0.030653 seconds.
Begin MonoManager ReloadAssembly
Symbol file LoadedFromMemory doesn't match image E:\My Stuff\My Games\Working Title\Library\PackageCache\com.unity.visualscripting@1.7.6\Editor\VisualScripting.Core\Dependencies\YamlDotNet\Unity.VisualScripting.YamlDotNet.dll
Symbol file LoadedFromMemory doesn't match image E:\My Stuff\My Games\Working Title\Library\PackageCache\com.unity.visualscripting@1.7.6\Editor\VisualScripting.Core\Dependencies\DotNetZip\Unity.VisualScripting.IonicZip.dll
Native extension for WindowsStandalone target not found
Refreshing native plugins compatible for Editor in 681.26 ms, found 8 plugins.
Preloading 0 native plugins for Editor in 0.00 ms.
ExecutionEngineException: Couldn't create thread. Error 0x5af
  at (wrapper managed-to-native) System.Threading.Thread.Thread_internal(System.Threading.Thread,System.MulticastDelegate)
  at System.Threading.Thread.StartInternal (System.Object principal, System.Threading.StackCrawlMark& stackMark) [0x0001a] in <00c558282d074245ab3496e2d108079b>:0 
  at System.Threading.Thread.Start (System.Threading.StackCrawlMark& stackMark) [0x00028] in <00c558282d074245ab3496e2d108079b>:0 
  at System.Threading.Thread.Start () [0x00002] in <00c558282d074245ab3496e2d108079b>:0 
  at Burst.Compiler.IL.Jit.JitCompilerService+CompilerThread..ctor (System.Int32 threadId, Burst.Compiler.IL.Jit.JitCompilerService jitCompilerService, Burst.Compiler.IL.Jit.JitCompilerService+TakeFilter takeFilter) [0x0009d] in <685f0c65f2a448a78ba2734aa17d6be3>:0 
  at Burst.Compiler.IL.Jit.JitCompilerService..ctor (System.Int32 numberOfThreads, System.String libraryCacheFolderName, System.Boolean isDebuggingOverride) [0x00219] in <685f0c65f2a448a78ba2734aa17d6be3>:0 
  at Burst.Compiler.IL.Jit.JitCompilerService..ctor () [0x00000] in <685f0c65f2a448a78ba2734aa17d6be3>:0 
Unity.Burst.LowLevel.BurstCompilerService:InitializeInternal(String, ExtractCompilerFlags)
Unity.Burst.LowLevel.BurstCompilerService:Initialize(String, ExtractCompilerFlags)
Unity.Burst.Editor.BurstLoader:.cctor()
System.Runtime.CompilerServices.RuntimeHelpers:RunClassConstructor(IntPtr)
System.Runtime.CompilerServices.RuntimeHelpers:RunClassConstructor(RuntimeTypeHandle)
UnityEditor.EditorAssemblies:ProcessInitializeOnLoadAttributes(Type[])

Unexpected error while trying to initialize the burst JIT compiler: Unexpected exception occured while initializing burst JitCompilerService
UnityEngine.StackTraceUtility:ExtractStackTrace ()
UnityEngine.DebugLogHandler:LogFormat (UnityEngine.LogType,UnityEngine.Object,string,object[])
UnityEngine.Logger:Log (UnityEngine.LogType,object)
UnityEngine.Debug:LogError (object)
Unity.Burst.LowLevel.BurstCompilerService:Initialize (string,Unity.Burst.LowLevel.BurstCompilerService/ExtractCompilerFlags)
Unity.Burst.Editor.BurstLoader:.cctor () (at Library/PackageCache/com.unity.burst@1.6.0/Runtime/Editor/BurstLoader.cs:138)
System.Runtime.CompilerServices.RuntimeHelpers:RunClassConstructor (System.RuntimeTypeHandle)
UnityEditor.EditorAssemblies:ProcessInitializeOnLoadAttributes (System.Type[])

(Filename: Library/PackageCache/com.unity.burst@1.6.0/Runtime/Editor/BurstLoader.cs Line: 138)

Couldn't extract exception string from exception of type OutOfMemoryException (another exception of class 'OutOfMemoryException' was thrown while processing the stack trace)


=================================================================
	Native Crash Reporting
=================================================================
Got a UNKNOWN while executing native code. This usually indicates
a fatal error in the mono runtime or one of the native libraries 
used by your application.
=================================================================

=================================================================
	Managed Stacktrace:
=================================================================
	  at <unknown> <0xffffffff>
	  at UnityEditor.UnityType:Internal_GetAllTypes <0x00086>
	  at UnityEditor.UnityType:.cctor <0x00052>
	  at System.Object:runtime_invoke_void <0x0007c>
	  at <unknown> <0xffffffff>
	  at UnityEditor.Tilemaps.SceneViewGridManager:RegisterEventHandlers <0x004ca>
	  at UnityEditor.Tilemaps.SceneViewGridManager:OnEnable <0x0005a>
	  at System.Object:runtime_invoke_void__this__ <0x00087>
	  at <unknown> <0xffffffff>
	  at UnityEngine.ScriptableObject:CreateScriptableObjectInstanceFromType <0x00094>
	  at UnityEngine.ScriptableObject:CreateInstance <0x00022>
	  at UnityEngine.ScriptableObject:CreateInstance <0x00032>
	  at UnityEditor.ScriptableSingleton`1:CreateAndLoad <0x000ea>
	  at UnityEditor.ScriptableSingleton`1:get_instance <0x0006a>
	  at UnityEditor.Tilemaps.SceneViewGridManager:Initialize <0x00022>
	  at System.Object:runtime_invoke_void <0x000ad>
	  at <unknown> <0xffffffff>
	  at System.Reflection.RuntimeMethodInfo:InternalInvoke <0x000af>
	  at System.Reflection.RuntimeMethodInfo:Invoke <0x0011a>
	  at System.Reflection.MethodBase:Invoke <0x0003d>
	  at UnityEditor.EditorAssemblies:ProcessInitializeOnLoadMethodAttributes <0x00692>
	  at System.Object:runtime_invoke_void <0x0007c>
=================================================================
Received signal SIGSEGV
Obtained 60 stack frames
0x00007ff7de0a8040 (Unity) 
0x0000014448115827 (Mono JIT Code) (wrapper managed-to-native) UnityEditor.UnityType:Internal_GetAllTypes ()
0x0000014448115183 (Mono JIT Code) UnityEditor.UnityType:.cctor ()
0x00000144437e82cd (Mono JIT Code) (wrapper runtime-invoke) object:runtime_invoke_void (object,intptr,intptr,intptr)
0x00007ffd6d4ce034 (mono-2.0-bdwgc) 
0x00007ffd6d40e724 (mono-2.0-bdwgc) 
0x00007ffd6d4097e0 (mono-2.0-bdwgc) 
0x00007ffd6d4c57be (mono-2.0-bdwgc) 
0x00007ffd6d4cbf5c (mono-2.0-bdwgc) 
0x00007ffd6d5bedcf (mono-2.0-bdwgc) 
0x00007ffd6d5bf978 (mono-2.0-bdwgc) 
0x000001443f9603a6 ((<unknown>)) 
0x0000014448114cbb (Mono JIT Code) [SceneViewGridManager.cs:55] UnityEditor.Tilemaps.SceneViewGridManager:RegisterEventHandlers () 
0x000001444811460b (Mono JIT Code) [SceneViewGridManager.cs:38] UnityEditor.Tilemaps.SceneViewGridManager:OnEnable () 
0x0000014448114518 (Mono JIT Code) (wrapper runtime-invoke) object:runtime_invoke_void__this__ (object,intptr,intptr,intptr)
0x00007ffd6d4ce034 (mono-2.0-bdwgc) 
0x00007ffd6d40e724 (mono-2.0-bdwgc) 
0x00007ffd6d40e8bc (mono-2.0-bdwgc) 
0x00007ff7de9b3914 (Unity) 
0x00007ff7de9ae534 (Unity) 
0x00007ff7de9ae61e (Unity) 
0x00007ff7dea27b26 (Unity) 
0x00007ff7de97af5a (Unity) 
0x00007ff7de985f7c (Unity) 
0x00007ff7de9ab917 (Unity) 
0x00007ff7ddbab690 ((<unknown>)) 
0x0000014448114385 (Mono JIT Code) (wrapper managed-to-native) UnityEngine.ScriptableObject:CreateScriptableObjectInstanceFromType (System.Type,bool)
0x00000144481142c3 (Mono JIT Code) UnityEngine.ScriptableObject:CreateInstance (System.Type)
0x0000014448114243 (Mono JIT Code) UnityEngine.ScriptableObject:CreateInstance<T_REF> ()
0x000001444811398b (Mono JIT Code) UnityEditor.ScriptableSingleton`1<T_REF>:CreateAndLoad ()
0x000001444811385b (Mono JIT Code) UnityEditor.ScriptableSingleton`1<T_REF>:get_instance ()
0x0000014448113523 (Mono JIT Code) [SceneViewGridManager.cs:31] UnityEditor.Tilemaps.SceneViewGridManager:Initialize () 
0x000001444811378e (Mono JIT Code) (wrapper runtime-invoke) object:runtime_invoke_void (object,intptr,intptr,intptr)
0x00007ffd6d4ce034 ((<unknown>)) 
0x00007ffd6d40e724 ((<unknown>)) 
0x00007ffd6d41576f ((<unknown>)) 
0x00007ffd6d34ce20 ((<unknown>)) 
0x00007ffd6d371611 ((<unknown>)) 
0x00000144480caab0 (Mono JIT Code) (wrapper managed-to-native) System.Reflection.RuntimeMethodInfo:InternalInvoke (System.Reflection.RuntimeMethodInfo,object,object[],System.Exception&)
0x00000144480ca0fb (Mono JIT Code) System.Reflection.RuntimeMethodInfo:Invoke (object,System.Reflection.BindingFlags,System.Reflection.Binder,object[],System.Globalization.CultureInfo)
0x00000144480c9fbe (Mono JIT Code) System.Reflection.MethodBase:Invoke (object,object[])
0x00000144480c9233 (Mono JIT Code) UnityEditor.EditorAssemblies:ProcessInitializeOnLoadMethodAttributes ()
0x00000144437e82cd (Mono JIT Code) (wrapper runtime-invoke) object:runtime_invoke_void (object,intptr,intptr,intptr)
0x00007ffd6d4ce034 ((<unknown>)) 
0x00007ffd6d40e724 ((<unknown>)) 
0x00007ffd6d40e8bc ((<unknown>)) 
0x00007ff7de9b3914 ((<unknown>)) 
0x00007ff7de9ae534 ((<unknown>)) 
0x00007ff7de9a7e75 ((<unknown>)) 
0x00007ff7deacbebb ((<unknown>)) 
0x00007ff7de987bf3 (Unity) 
0x00007ff7de97d7ad (Unity) 
0x00007ff7de9851c8 ((<unknown>)) 
0x00007ff7df89b502 ((<unknown>)) 
0x00007ff7df89bc34 ((<unknown>)) 
0x00007ff7df59eda7 ((<unknown>)) 
0x00007ff7df9e9de8 ((<unknown>)) 
0x00007ff7e0cf92c2 ((<unknown>)) 
0x00007ffde9707034 ((<unknown>)) 
0x00007ffdeaa82651 ((<unknown>)) 

