Using pre-set license
Built from '2021.2/staging' branch; Version is '2021.2.5f1 (4ec9a5e799f5) revision 5163429'; Using compiler version '192829333'; Build Type 'Release'
OS: 'Windows 10  (10.0.19042) 64bit CoreSingleLanguage' Language: 'ru' Physical Memory: 3531 MB
BatchMode: 1, IsHumanControllingUs: 0, StartBugReporterOnCrash: 0, Is64bit: 1, IsPro: 0

COMMAND LINE ARGUMENTS:
C:\Program Files\Unity\Hub\Editor\2021.2.5f1\Editor\Unity.exe
-adb2
-batchMode
-noUpm
-name
AssetImportWorker4
-projectPath
E:/My Stuff/My Games/Working Title
-logFile
Logs/AssetImportWorker4.log
-srvPort
53539
Successfully changed project path to: E:/My Stuff/My Games/Working Title
E:/My Stuff/My Games/Working Title
[UnityMemory] Configuration Parameters - Can be set up in boot.config
    "memorysetup-bucket-allocator-granularity=16"
    "memorysetup-bucket-allocator-bucket-count=8"
    "memorysetup-bucket-allocator-block-size=33554432"
    "memorysetup-bucket-allocator-block-count=8"
    "memorysetup-main-allocator-block-size=16777216"
    "memorysetup-thread-allocator-block-size=16777216"
    "memorysetup-gfx-main-allocator-block-size=16777216"
    "memorysetup-gfx-thread-allocator-block-size=16777216"
    "memorysetup-cache-allocator-block-size=4194304"
    "memorysetup-typetree-allocator-block-size=2097152"
    "memorysetup-profiler-bucket-allocator-granularity=16"
    "memorysetup-profiler-bucket-allocator-bucket-count=8"
    "memorysetup-profiler-bucket-allocator-block-size=33554432"
    "memorysetup-profiler-bucket-allocator-block-count=8"
    "memorysetup-profiler-allocator-block-size=16777216"
    "memorysetup-profiler-editor-allocator-block-size=1048576"
    "memorysetup-temp-allocator-size-main=16777216"
    "memorysetup-job-temp-allocator-block-size=2097152"
    "memorysetup-job-temp-allocator-block-size-background=1048576"
    "memorysetup-job-temp-allocator-reduction-small-platforms=262144"
    "memorysetup-temp-allocator-size-background-worker=32768"
    "memorysetup-temp-allocator-size-job-worker=262144"
    "memorysetup-temp-allocator-size-preload-manager=33554432"
    "memorysetup-temp-allocator-size-nav-mesh-worker=65536"
    "memorysetup-temp-allocator-size-audio-worker=65536"
    "memorysetup-temp-allocator-size-cloud-worker=32768"
    "memorysetup-temp-allocator-size-gi-baking-worker=262144"
    "memorysetup-temp-allocator-size-gfx=262144"
Refreshing native plugins compatible for Editor in 1402.60 ms, found 8 plugins.
Preloading 0 native plugins for Editor in 0.00 ms.
Initialize engine version: 2021.2.5f1 (4ec9a5e799f5)
[Subsystems] Discovering subsystems at path C:/Program Files/Unity/Hub/Editor/2021.2.5f1/Editor/Data/Resources/UnitySubsystems
[Subsystems] Discovering subsystems at path E:/My Stuff/My Games/Working Title/Assets
GfxDevice: creating device client; threaded=0; jobified=0
Direct3D:
    Version:  Direct3D 11.0 [level 11.1]
    Renderer: NVIDIA GeForce MX230 (ID=0x1d11)
    Vendor:   NVIDIA
    VRAM:     1984 MB
    Driver:   30.0.15.1123
Initialize mono
Mono path[0] = 'C:/Program Files/Unity/Hub/Editor/2021.2.5f1/Editor/Data/Managed'
Mono path[1] = 'C:/Program Files/Unity/Hub/Editor/2021.2.5f1/Editor/Data/MonoBleedingEdge/lib/mono/unityjit-win32'
Mono config path = 'C:/Program Files/Unity/Hub/Editor/2021.2.5f1/Editor/Data/MonoBleedingEdge/etc'
Using monoOptions --debugger-agent=transport=dt_socket,embedding=1,server=y,suspend=n,address=127.0.0.1:56500
Begin MonoManager ReloadAssembly
Registering precompiled unity dll's ...
Register platform support module: C:/Program Files/Unity/Hub/Editor/2021.2.5f1/Editor/Data/PlaybackEngines/WindowsStandaloneSupport/UnityEditor.WindowsStandalone.Extensions.dll
Registered in 0.016320 seconds.
Native extension for WindowsStandalone target not found
Refreshing native plugins compatible for Editor in 179.76 ms, found 8 plugins.
Preloading 0 native plugins for Editor in 0.00 ms.
Mono: successfully reloaded assembly
- Completed reload, in  1.233 seconds
Domain Reload Profiling:
	ReloadAssembly (1234ms)
		BeginReloadAssembly (219ms)
			ExecutionOrderSort (0ms)
			DisableScriptedObjects (0ms)
			BackupInstance (0ms)
			ReleaseScriptingObjects (0ms)
			CreateAndSetChildDomain (4ms)
		EndReloadAssembly (855ms)
			LoadAssemblies (209ms)
			RebuildTransferFunctionScriptingTraits (1ms)
			SetupTypeCache (173ms)
			ReleaseScriptCaches (0ms)
			RebuildScriptCaches (50ms)
			SetupLoadedEditorAssemblies (523ms)
				LogAssemblyErrors (0ms)
				InitializePlatformSupportModulesInManaged (40ms)
				SetLoadedEditorAssemblies (0ms)
				RefreshPlugins (180ms)
				BeforeProcessingInitializeOnLoad (2ms)
				ProcessInitializeOnLoadAttributes (222ms)
				ProcessInitializeOnLoadMethodAttributes (78ms)
				AfterProcessingInitializeOnLoad (0ms)
				EditorAssembliesLoaded (0ms)
			ExecutionOrderSort2 (0ms)
			AwakeInstancesAfterBackupRestoration (0ms)
Platform modules already initialized, skipping
Registering precompiled user dll's ...
Registered in 0.035129 seconds.
Begin MonoManager ReloadAssembly
Symbol file LoadedFromMemory doesn't match image E:\My Stuff\My Games\Working Title\Library\PackageCache\com.unity.visualscripting@1.7.6\Editor\VisualScripting.Core\Dependencies\YamlDotNet\Unity.VisualScripting.YamlDotNet.dll
Symbol file LoadedFromMemory doesn't match image E:\My Stuff\My Games\Working Title\Library\PackageCache\com.unity.visualscripting@1.7.6\Editor\VisualScripting.Core\Dependencies\DotNetZip\Unity.VisualScripting.IonicZip.dll
Native extension for WindowsStandalone target not found
Refreshing native plugins compatible for Editor in 684.25 ms, found 8 plugins.
Preloading 0 native plugins for Editor in 0.00 ms.
ExecutionEngineException: Couldn't create thread. Error 0x5af
  at (wrapper managed-to-native) System.Threading.Thread.Thread_internal(System.Threading.Thread,System.MulticastDelegate)
  at System.Threading.Thread.StartInternal (System.Object principal, System.Threading.StackCrawlMark& stackMark) [0x0001a] in <00c558282d074245ab3496e2d108079b>:0 
  at System.Threading.Thread.Start (System.Threading.StackCrawlMark& stackMark) [0x00028] in <00c558282d074245ab3496e2d108079b>:0 
  at System.Threading.Thread.Start () [0x00002] in <00c558282d074245ab3496e2d108079b>:0 
  at System.IO.DefaultWatcher.StartDispatching (System.Object handle) [0x0004c] in <c7c32602e34d422f9c1a5e3ed52782b2>:0 
  at System.IO.FileSystemWatcher.Start () [0x0001c] in <c7c32602e34d422f9c1a5e3ed52782b2>:0 
  at System.IO.FileSystemWatcher.set_EnableRaisingEvents (System.Boolean value) [0x0003d] in <c7c32602e34d422f9c1a5e3ed52782b2>:0 
  at (wrapper remoting-invoke-with-check) System.IO.FileSystemWatcher.set_EnableRaisingEvents(bool)
  at Burst.Compiler.IL.Helpers.AssemblyWatcher..ctor (Burst.Compiler.IL.Helpers.AssemblyWatcherManager manager, System.String folder) [0x0008d] in <685f0c65f2a448a78ba2734aa17d6be3>:0 
  at Burst.Compiler.IL.Helpers.AssemblyWatcherManager.UpdateFolders (System.Collections.Generic.HashSet`1[T] folders) [0x00101] in <685f0c65f2a448a78ba2734aa17d6be3>:0 
  at zzzUnity.Burst.CodeGen.AssemblyLoader.EnsureSearchDirectories (System.String[] folders) [0x0008e] in <685f0c65f2a448a78ba2734aa17d6be3>:0 
  at Burst.Compiler.IL.Jit.JitCacheManager.LoadLibraryCache (Burst.Compiler.IL.Jit.GetExternalFunctionPointerDelegate getExternalFunctionPointer, System.String[] assemblyPaths, zzzUnity.Burst.CodeGen.AssemblyLoader assemblyLoader, System.Action`1[T] logDebug) [0x0005e] in <685f0c65f2a448a78ba2734aa17d6be3>:0 
  at Burst.Compiler.IL.Jit.JitCompilerService.EnsureLibraryCacheLoaded (System.String assemblyPaths) [0x0003c] in <685f0c65f2a448a78ba2734aa17d6be3>:0 
  at Burst.Compiler.IL.Jit.JitCompilerService.CompileInternal (System.String fullMethodName, System.String assemblyPaths, System.IntPtr userdata, Unity.Burst.NativeDumpFlags dumpFlags, System.IntPtr compilerCallbackPointer, System.IntPtr logCallBack, System.String compilerFlags) [0x0004a] in <685f0c65f2a448a78ba2734aa17d6be3>:0 
Unity.Burst.LowLevel.BurstCompilerService:GetDisassembly(MethodInfo, String)
Unity.Burst.BurstCompiler:SendCommandToCompiler(String, String)
Unity.Burst.BurstCompiler:IsApiAvailable(String)
Unity.Burst.Editor.BurstLoader:.cctor()
System.Runtime.CompilerServices.RuntimeHelpers:RunClassConstructor(IntPtr)
System.Runtime.CompilerServices.RuntimeHelpers:RunClassConstructor(RuntimeTypeHandle)
UnityEditor.EditorAssemblies:ProcessInitializeOnLoadAttributes(Type[])

Assertion failed on expression: 'exception == SCRIPTING_NULL'
UnityEngine.StackTraceUtility:ExtractStackTrace ()
Unity.Burst.BurstCompiler:SendCommandToCompiler (string,string) (at E:/My Stuff/My Games/Working Title/Library/PackageCache/com.unity.burst@1.6.0/Runtime/BurstCompiler.cs:588)
Unity.Burst.BurstCompiler:IsApiAvailable (string) (at E:/My Stuff/My Games/Working Title/Library/PackageCache/com.unity.burst@1.6.0/Runtime/BurstCompiler.cs:443)
Unity.Burst.Editor.BurstLoader:.cctor () (at E:/My Stuff/My Games/Working Title/Library/PackageCache/com.unity.burst@1.6.0/Runtime/Editor/BurstLoader.cs:244)
System.Runtime.CompilerServices.RuntimeHelpers:RunClassConstructor (System.RuntimeTypeHandle)
UnityEditor.EditorAssemblies:ProcessInitializeOnLoadAttributes (System.Type[])

[E:/My Stuff/My Games/Working Title/Library/PackageCache/com.unity.burst@1.6.0/Runtime/BurstCompiler.cs line 588]

OutOfMemoryException: Out of memory
  at (wrapper managed-to-native) System.Object.__icall_wrapper_ves_icall_array_new_specific(intptr,int)
  at System.IO.File.ReadAllBytes (System.String path) [0x00038] in <00c558282d074245ab3496e2d108079b>:0 
  at Burst.Compiler.IL.DebugInfo.PortablePdbInstance.Initialize (Mono.Cecil.ModuleDefinition moduleDefinition, System.Collections.Generic.List`1[T] additionalSearchPaths, System.Action`2[T1,T2] debugLog) [0x00065] in <685f0c65f2a448a78ba2734aa17d6be3>:0 
  at Burst.Compiler.IL.DebugInfo.PortablePdbCache.AddEntry (Mono.Cecil.AssemblyDefinition assemblyDefinition, System.Action`2[T1,T2] debugLog) [0x0003b] in <685f0c65f2a448a78ba2734aa17d6be3>:0 
  at zzzUnity.Burst.CodeGen.AssemblyLoader.RegisterAssembly (Mono.Cecil.AssemblyNameReference name, Mono.Cecil.AssemblyDefinition assembly) [0x00063] in <685f0c65f2a448a78ba2734aa17d6be3>:0 
  at zzzUnity.Burst.CodeGen.AssemblyLoader.Resolve (Mono.Cecil.AssemblyNameReference name) [0x00087] in <685f0c65f2a448a78ba2734aa17d6be3>:0 
  at zzzUnity.Burst.CodeGen.AssemblyLoader.TryGetFullPath (Mono.Cecil.AssemblyNameReference name, System.String& fullPath) [0x00000] in <685f0c65f2a448a78ba2734aa17d6be3>:0 
  at Burst.Compiler.IL.Jit.JitCacheManager.LoadLibraryCache (Burst.Compiler.IL.Jit.GetExternalFunctionPointerDelegate getExternalFunctionPointer, System.String[] assemblyPaths, zzzUnity.Burst.CodeGen.AssemblyLoader assemblyLoader, System.Action`1[T] logDebug) [0x000f3] in <685f0c65f2a448a78ba2734aa17d6be3>:0 
  at Burst.Compiler.IL.Jit.JitCompilerService.EnsureLibraryCacheLoaded (System.String assemblyPaths) [0x0003c] in <685f0c65f2a448a78ba2734aa17d6be3>:0 
  at Burst.Compiler.IL.Jit.JitCompilerService.CompileInternal (System.String fullMethodName, System.String assemblyPaths, System.IntPtr userdata, Unity.Burst.NativeDumpFlags dumpFlags, System.IntPtr compilerCallbackPointer, System.IntPtr logCallBack, System.String compilerFlags) [0x0004a] in <685f0c65f2a448a78ba2734aa17d6be3>:0 
Unity.Burst.LowLevel.BurstCompilerService:GetDisassembly(MethodInfo, String)
Unity.Burst.BurstCompiler:SendCommandToCompiler(String, String)
Unity.Burst.BurstCompiler:VersionNotify(String)
Unity.Burst.Editor.BurstLoader:VersionUpdateCheck()
Unity.Burst.Editor.BurstLoader:.cctor()
System.Runtime.CompilerServices.RuntimeHelpers:RunClassConstructor(IntPtr)
System.Runtime.CompilerServices.RuntimeHelpers:RunClassConstructor(RuntimeTypeHandle)
UnityEditor.EditorAssemblies:ProcessInitializeOnLoadAttributes(Type[])

Assertion failed on expression: 'exception == SCRIPTING_NULL'
UnityEngine.StackTraceUtility:ExtractStackTrace ()
Unity.Burst.BurstCompiler:SendCommandToCompiler (string,string) (at E:/My Stuff/My Games/Working Title/Library/PackageCache/com.unity.burst@1.6.0/Runtime/BurstCompiler.cs:588)
Unity.Burst.BurstCompiler:VersionNotify (string) (at E:/My Stuff/My Games/Working Title/Library/PackageCache/com.unity.burst@1.6.0/Runtime/BurstCompiler.cs:370)
Unity.Burst.Editor.BurstLoader:VersionUpdateCheck () (at E:/My Stuff/My Games/Working Title/Library/PackageCache/com.unity.burst@1.6.0/Runtime/Editor/BurstLoader.cs:75)
Unity.Burst.Editor.BurstLoader:.cctor () (at E:/My Stuff/My Games/Working Title/Library/PackageCache/com.unity.burst@1.6.0/Runtime/Editor/BurstLoader.cs:244)
System.Runtime.CompilerServices.RuntimeHelpers:RunClassConstructor (System.RuntimeTypeHandle)
UnityEditor.EditorAssemblies:ProcessInitializeOnLoadAttributes (System.Type[])

[E:/My Stuff/My Games/Working Title/Library/PackageCache/com.unity.burst@1.6.0/Runtime/BurstCompiler.cs line 588]

Couldn't extract exception string from exception of type OutOfMemoryException (another exception of class 'OutOfMemoryException' was thrown while processing the stack trace)


=================================================================
	Native Crash Reporting
=================================================================
Got a UNKNOWN while executing native code. This usually indicates
a fatal error in the mono runtime or one of the native libraries 
used by your application.
=================================================================

=================================================================
	Managed Stacktrace:
=================================================================
	  at <unknown> <0xffffffff>
	  at UnityEngine.Debug:get_diagnosticSwitches <0x00086>
	  at UnityEngine.Debug:GetDiagnosticSwitch <0x00032>
	  at UnityEditor.EditorAssemblies:ProcessInitializeOnLoadMethodAttributes <0x00072>
	  at System.Object:runtime_invoke_void <0x0007c>
=================================================================
Received signal SIGSEGV
Obtained 0 stack frames

